#
# There is insufficient memory for the Java Runtime Environment to continue.
# Native memory allocation (malloc) failed to allocate 944256 bytes for Chunk::new
# Possible reasons:
#   The system is out of physical RAM or swap space
#   The process is running with CompressedOops enabled, and the Java Heap may be blocking the growth of the native heap
# Possible solutions:
#   Reduce memory load on the system
#   Increase physical memory or swap space
#   Check if swap backing store is full
#   Decrease Java heap size (-Xmx/-Xms)
#   Decrease number of Java threads
#   Decrease Java thread stack sizes (-Xss)
#   Set larger code cache with -XX:ReservedCodeCacheSize=
#   JVM is running with Unscaled Compressed Oops mode in which the Java heap is
#     placed in the first 4GB address space. The Java Heap base address is the
#     maximum limit for the native heap growth. Please use -XX:HeapBaseMinAddress
#     to set the Java Heap base and to place the Java Heap above 4GB virtual address.
# This output file may be truncated or incomplete.
#
#  Out of Memory Error (allocation.cpp:389), pid=9624, tid=0x0000000000000974
#
# JRE version: OpenJDK Runtime Environment (8.0_242-b01) (build 1.8.0_242-release-1644-b01)
# Java VM: OpenJDK 64-Bit Server VM (25.242-b01 mixed mode windows-amd64 compressed oops)
# Failed to write core dump. Minidumps are not enabled by default on client versions of Windows
#

---------------  T H R E A D  ---------------

Current thread (0x00000000082e7000):  JavaThread "C2 CompilerThread2" daemon [_thread_in_native, id=2420, stack(0x000000000a1b0000,0x000000000a2b0000)]

Stack: [0x000000000a1b0000,0x000000000a2b0000]
[error occurred during error reporting (printing stack bounds), id 0xc0000005]

Native frames: (J=compiled Java code, j=interpreted, Vv=VM code, C=native code)


Current CompileTask:
C2: 906942 11396   !   4       java.io.ObjectInputStream::readObject0 (671 bytes)


---------------  P R O C E S S  ---------------

Java Threads: ( => current thread )
  0x0000000015155000 JavaThread "pool-4-thread-1" [_thread_blocked, id=13244, stack(0x000000001eab0000,0x000000001ebb0000)]
  0x0000000015158000 JavaThread "WorkerExecutor Queue Thread 8" [_thread_in_vm, id=16088, stack(0x000000001e890000,0x000000001e990000)]
  0x000000001514a800 JavaThread "MarlinRenderer Disposer" daemon [_thread_blocked, id=1816, stack(0x000000001e590000,0x000000001e690000)]
  0x0000000015151000 JavaThread "Java2D Disposer" daemon [_thread_blocked, id=8068, stack(0x000000001e3c0000,0x000000001e4c0000)]
  0x0000000015149800 JavaThread "WorkerExecutor Queue Thread 7" [_thread_blocked, id=20128, stack(0x000000001d9f0000,0x000000001daf0000)]
  0x000000001514c000 JavaThread "WorkerExecutor Queue Thread 6" [_thread_blocked, id=20092, stack(0x000000001d8f0000,0x000000001d9f0000)]
  0x000000001514b000 JavaThread "WorkerExecutor Queue Thread 5" [_thread_in_native, id=19320, stack(0x000000001d7f0000,0x000000001d8f0000)]
  0x000000001514f800 JavaThread "WorkerExecutor Queue Thread 4" [_thread_blocked, id=18392, stack(0x000000001d6f0000,0x000000001d7f0000)]
  0x0000000015150800 JavaThread "WorkerExecutor Queue Thread 3" [_thread_blocked, id=17148, stack(0x000000001d5f0000,0x000000001d6f0000)]
  0x000000001514f000 JavaThread "WorkerExecutor Queue Thread 2" [_thread_blocked, id=10256, stack(0x000000001d4f0000,0x000000001d5f0000)]
  0x000000001514c800 JavaThread "WorkerExecutor Queue" [_thread_blocked, id=3968, stack(0x000000001bf70000,0x000000001c070000)]
  0x000000001514e000 JavaThread "Cache worker for execution history cache (C:\Users\DELL\AndroidStudioProjects\giaodien\giaodien\.gradle\6.1.1\executionHistory)" [_thread_blocked, id=17268, stack(0x000000001be70000,0x000000001bf70000)]
  0x000000001514d800 JavaThread "Execution worker for ':' Thread 7" [_thread_blocked, id=15564, stack(0x000000001bd70000,0x000000001be70000)]
  0x0000000012ce6000 JavaThread "Execution worker for ':' Thread 6" [_thread_blocked, id=17344, stack(0x000000001bc70000,0x000000001bd70000)]
  0x0000000012ce1000 JavaThread "Execution worker for ':' Thread 5" [_thread_blocked, id=3128, stack(0x000000001bb70000,0x000000001bc70000)]
  0x0000000012ce2000 JavaThread "Execution worker for ':' Thread 4" [_thread_blocked, id=7612, stack(0x000000001ba70000,0x000000001bb70000)]
  0x0000000012cd9800 JavaThread "Execution worker for ':' Thread 3" [_thread_blocked, id=4448, stack(0x000000001b770000,0x000000001b870000)]
  0x0000000012cda800 JavaThread "Execution worker for ':' Thread 2" [_thread_blocked, id=18444, stack(0x000000001b470000,0x000000001b570000)]
  0x0000000012ce0800 JavaThread "Execution worker for ':'" [_thread_blocked, id=13800, stack(0x000000001a930000,0x000000001aa30000)]
  0x0000000012cdf800 JavaThread "Cache worker for file content cache (C:\Users\DELL\AndroidStudioProjects\giaodien\giaodien\.gradle\6.1.1\fileContent)" [_thread_blocked, id=1292, stack(0x0000000018e40000,0x0000000018f40000)]
  0x0000000017de5800 JavaThread "Cache worker for Build Output Cleanup Cache (C:\Users\DELL\AndroidStudioProjects\giaodien\giaodien\.gradle\buildOutputCleanup)" [_thread_blocked, id=14128, stack(0x0000000013fc0000,0x00000000140c0000)]
  0x0000000017de4800 JavaThread "Build operations Thread 8" [_thread_blocked, id=16396, stack(0x0000000018740000,0x0000000018840000)]
  0x0000000017de4000 JavaThread "Build operations Thread 7" [_thread_blocked, id=17192, stack(0x0000000018640000,0x0000000018740000)]
  0x0000000017de3000 JavaThread "Build operations Thread 6" [_thread_blocked, id=10796, stack(0x0000000018540000,0x0000000018640000)]
  0x0000000017ddb800 JavaThread "Build operations Thread 5" [_thread_blocked, id=4616, stack(0x0000000018440000,0x0000000018540000)]
  0x0000000017de2800 JavaThread "Build operations Thread 4" [_thread_blocked, id=14132, stack(0x0000000018340000,0x0000000018440000)]
  0x0000000017de1800 JavaThread "Build operations Thread 3" [_thread_blocked, id=8924, stack(0x0000000018240000,0x0000000018340000)]
  0x0000000017de1000 JavaThread "Build operations Thread 2" [_thread_blocked, id=12848, stack(0x00000000162f0000,0x00000000163f0000)]
  0x0000000017de0000 JavaThread "Build operations" [_thread_blocked, id=1980, stack(0x0000000013dc0000,0x0000000013ec0000)]
  0x0000000017dd8800 JavaThread "Cache worker for cache directory md-rule (C:\Users\DELL\.gradle\caches\6.1.1\md-rule)" [_thread_blocked, id=20160, stack(0x0000000013cc0000,0x0000000013dc0000)]
  0x0000000017ddf800 JavaThread "Cache worker for cache directory md-supplier (C:\Users\DELL\.gradle\caches\6.1.1\md-supplier)" [_thread_blocked, id=10288, stack(0x00000000122f0000,0x00000000123f0000)]
  0x0000000017ddb000 JavaThread "Cache worker for file hash cache (C:\Users\DELL\AndroidStudioProjects\giaodien\giaodien\.gradle\6.1.1\fileHashes)" [_thread_blocked, id=16488, stack(0x00000000121f0000,0x00000000122f0000)]
  0x0000000017dde800 JavaThread "Cache worker for checksums cache (C:\Users\DELL\AndroidStudioProjects\giaodien\giaodien\.gradle\checksums)" [_thread_blocked, id=13016, stack(0x00000000120f0000,0x00000000121f0000)]
  0x0000000017dda000 JavaThread "Thread-69" [_thread_blocked, id=4244, stack(0x000000000dfb0000,0x000000000e0b0000)]
  0x0000000017dde000 JavaThread "Stdin handler" [_thread_blocked, id=11716, stack(0x000000000ddb0000,0x000000000deb0000)]
  0x0000000017dd6800 JavaThread "Asynchronous log dispatcher for DefaultDaemonConnection: socket connection from /127.0.0.1:50401 to /127.0.0.1:50735" [_thread_blocked, id=11556, stack(0x000000000dab0000,0x000000000dbb0000)]
  0x0000000017dd8000 JavaThread "Daemon worker Thread 2" [_thread_blocked, id=14184, stack(0x000000000d9b0000,0x000000000dab0000)]
  0x0000000017dd7000 JavaThread "Cancel handler" [_thread_blocked, id=19696, stack(0x0000000001170000,0x0000000001270000)]
  0x000000000c63a000 JavaThread "Handler for socket connection from /127.0.0.1:50401 to /127.0.0.1:50735" [_thread_in_native, id=17760, stack(0x0000000001070000,0x0000000001170000)]
  0x000000000c639000 JavaThread "Daemon Thread 2" [_thread_blocked, id=1700, stack(0x0000000000f70000,0x0000000001070000)]
  0x0000000012ce4800 JavaThread "Cache worker for file content cache (C:\Users\DELL\.gradle\caches\6.1.1\fileContent)" [_thread_blocked, id=2700, stack(0x000000001a830000,0x000000001a930000)]
  0x0000000012ce5000 JavaThread "Memory manager" [_thread_blocked, id=8144, stack(0x0000000019540000,0x0000000019640000)]
  0x000000000c63a800 JavaThread "Cache worker for execution history cache (C:\Users\DELL\.gradle\caches\6.1.1\executionHistory)" [_thread_blocked, id=16668, stack(0x0000000013ec0000,0x0000000013fc0000)]
  0x000000000c63d800 JavaThread "Cache worker for file hash cache (C:\Users\DELL\.gradle\caches\6.1.1\fileHashes)" [_thread_blocked, id=11696, stack(0x00000000127f0000,0x00000000128f0000)]
  0x000000000c638800 JavaThread "File lock request listener" [_thread_in_native, id=19692, stack(0x00000000126f0000,0x00000000127f0000)]
  0x000000000c602800 JavaThread "Cache worker for journal cache (C:\Users\DELL\.gradle\caches\journal-1)" [_thread_blocked, id=16140, stack(0x00000000125f0000,0x00000000126f0000)]
  0x000000000b46e000 JavaThread "Daemon periodic checks" [_thread_blocked, id=14116, stack(0x000000000d8b0000,0x000000000d9b0000)]
  0x000000000c4cc800 JavaThread "Incoming local TCP Connector on port 50401" [_thread_in_native, id=12220, stack(0x000000000d670000,0x000000000d770000)]
  0x000000000c3f6000 JavaThread "Daemon health stats" [_thread_blocked, id=19188, stack(0x000000000adb0000,0x000000000aeb0000)]
  0x0000000008370000 JavaThread "Service Thread" daemon [_thread_blocked, id=11360, stack(0x000000000a3b0000,0x000000000a4b0000)]
  0x00000000082fc800 JavaThread "C1 CompilerThread3" daemon [_thread_in_vm, id=9156, stack(0x000000000a2b0000,0x000000000a3b0000)]
=>0x00000000082e7000 JavaThread "C2 CompilerThread2" daemon [_thread_in_native, id=2420, stack(0x000000000a1b0000,0x000000000a2b0000)]
  0x00000000082d3800 JavaThread "C2 CompilerThread1" daemon [_thread_in_native, id=4580, stack(0x000000000a0b0000,0x000000000a1b0000)]
  0x00000000082d2000 JavaThread "C2 CompilerThread0" daemon [_thread_blocked, id=4392, stack(0x0000000008f00000,0x0000000009000000)]
  0x00000000082d1000 JavaThread "Attach Listener" daemon [_thread_blocked, id=19252, stack(0x0000000008e00000,0x0000000008f00000)]
  0x00000000082cf000 JavaThread "Signal Dispatcher" daemon [_thread_blocked, id=4720, stack(0x0000000008d00000,0x0000000008e00000)]
  0x00000000082c0800 JavaThread "Finalizer" daemon [_thread_blocked, id=15892, stack(0x00000000087a0000,0x00000000088a0000)]
  0x00000000039a7000 JavaThread "Reference Handler" daemon [_thread_blocked, id=17176, stack(0x00000000086a0000,0x00000000087a0000)]
  0x00000000038ae000 JavaThread "main" [_thread_blocked, id=18324, stack(0x0000000003710000,0x0000000003810000)]

Other Threads:
  0x0000000005b48800 VMThread [stack: 0x00000000081a0000,0x00000000082a0000] [id=5376]
  0x0000000008370800 WatcherThread [stack: 0x000000000a4b0000,0x000000000a5b0000] [id=4768]

VM state:not at safepoint (normal execution)

VM Mutex/Monitor currently owned by a thread:  ([mutex/lock_event])
[0x00000000038ad070] Threads_lock - owner thread: 0x0000000015158000
[0x00000000038acdf0] CompiledIC_lock - owner thread: 0x00000000082fc800

heap address: 0x0000000080000000, size: 2048 MB, Compressed Oops mode: 32-bit
Narrow klass base: 0x0000000000000000, Narrow klass shift: 3
Compressed class space size: 1073741824 Address: 0x0000000100000000

Heap:
 PSYoungGen      total 247296K, used 74793K [0x00000000d5580000, 0x00000000ee900000, 0x0000000100000000)
  eden space 222208K, 33% used [0x00000000d5580000,0x00000000d9e8a410,0x00000000e2e80000)
  from space 25088K, 0% used [0x00000000e7280000,0x00000000e7280000,0x00000000e8b00000)
  to   space 69632K, 0% used [0x00000000e2e80000,0x00000000e2e80000,0x00000000e7280000)
 ParOldGen       total 232448K, used 99821K [0x0000000080000000, 0x000000008e300000, 0x00000000d5580000)
  object space 232448K, 42% used [0x0000000080000000,0x000000008617b6c8,0x000000008e300000)
 Metaspace       used 75147K, capacity 78279K, committed 79016K, reserved 1118208K
  class space    used 9916K, capacity 10563K, committed 10672K, reserved 1048576K

Card table byte_map: [0x00000000048a0000,0x0000000004cb0000] byte_map_base: 0x00000000044a0000

Marking Bits: (ParMarkBitMap*) 0x0000000073faf030
 Begin Bits: [0x000000000e0f0000, 0x00000000100f0000)
 End Bits:   [0x00000000100f0000, 0x00000000120f0000)

Polling page: 0x0000000003840000

CodeCache: size=245760Kb used=32425Kb max_used=32681Kb free=213334Kb
 bounds [0x0000000020210000, 0x0000000022220000, 0x000000002f210000]
 total_blobs=10738 nmethods=9816 adapters=833
 compilation: enabled

Compilation events (10 events):
Event: 906.892 Thread 0x00000000082d2000 11403       4       java.io.ObjectInputStream$BlockDataInputStream::readInt (73 bytes)
Event: 906.895 Thread 0x00000000082fc800 11416       3       org.gradle.execution.plan.DefaultExecutionPlan::tryLockProjectFor (23 bytes)
Event: 906.896 Thread 0x00000000082fc800 nmethod 11416 0x0000000020bcc490 code [0x0000000020bcc640, 0x0000000020bcccb8]
Event: 906.897 Thread 0x00000000082d2000 nmethod 11403 0x00000000213d07d0 code [0x00000000213d0940, 0x00000000213d0ca8]
Event: 906.900 Thread 0x00000000082fc800 11417       3       org.gradle.execution.plan.DefaultExecutionPlan::tryLockSharedResourceFor (20 bytes)
Event: 906.901 Thread 0x00000000082fc800 nmethod 11417 0x0000000020c86f10 code [0x0000000020c87140, 0x0000000020c87e88]
Event: 906.906 Thread 0x00000000082fc800 11418       3       java.util.stream.ReferencePipeline::allMatch (18 bytes)
Event: 906.907 Thread 0x00000000082fc800 nmethod 11418 0x00000000203b6710 code [0x00000000203b6920, 0x00000000203b7398]
Event: 906.912 Thread 0x00000000082fc800 11414       1       org.gradle.execution.plan.LocalTaskNode::access$100 (5 bytes)
Event: 906.913 Thread 0x00000000082fc800 nmethod 11414 0x00000000212b9990 code [0x00000000212b9ae0, 0x00000000212b9bd0]

GC Heap History (10 events):
Event: 10.274 GC heap before
{Heap before GC invocations=14 (full 3):
 PSYoungGen      total 192512K, used 15853K [0x00000000d5580000, 0x00000000e5d80000, 0x0000000100000000)
  eden space 176640K, 0% used [0x00000000d5580000,0x00000000d5580000,0x00000000e0200000)
  from space 15872K, 99% used [0x00000000e0200000,0x00000000e117b658,0x00000000e1180000)
  to   space 20992K, 0% used [0x00000000e4900000,0x00000000e4900000,0x00000000e5d80000)
 ParOldGen       total 71680K, used 28540K [0x0000000080000000, 0x0000000084600000, 0x00000000d5580000)
  object space 71680K, 39% used [0x0000000080000000,0x0000000081bdf3a0,0x0000000084600000)
 Metaspace       used 57110K, capacity 59111K, committed 59160K, reserved 1099776K
  class space    used 7842K, capacity 8319K, committed 8368K, reserved 1048576K
Event: 10.506 GC heap after
Heap after GC invocations=14 (full 3):
 PSYoungGen      total 192512K, used 0K [0x00000000d5580000, 0x00000000e5d80000, 0x0000000100000000)
  eden space 176640K, 0% used [0x00000000d5580000,0x00000000d5580000,0x00000000e0200000)
  from space 15872K, 0% used [0x00000000e0200000,0x00000000e0200000,0x00000000e1180000)
  to   space 20992K, 0% used [0x00000000e4900000,0x00000000e4900000,0x00000000e5d80000)
 ParOldGen       total 108032K, used 35946K [0x0000000080000000, 0x0000000086980000, 0x00000000d5580000)
  object space 108032K, 33% used [0x0000000080000000,0x000000008231a9e8,0x0000000086980000)
 Metaspace       used 57091K, capacity 59045K, committed 59160K, reserved 1099776K
  class space    used 7836K, capacity 8308K, committed 8368K, reserved 1048576K
}
Event: 13.371 GC heap before
{Heap before GC invocations=15 (full 3):
 PSYoungGen      total 192512K, used 176640K [0x00000000d5580000, 0x00000000e5d80000, 0x0000000100000000)
  eden space 176640K, 100% used [0x00000000d5580000,0x00000000e0200000,0x00000000e0200000)
  from space 15872K, 0% used [0x00000000e0200000,0x00000000e0200000,0x00000000e1180000)
  to   space 20992K, 0% used [0x00000000e4900000,0x00000000e4900000,0x00000000e5d80000)
 ParOldGen       total 108032K, used 35946K [0x0000000080000000, 0x0000000086980000, 0x00000000d5580000)
  object space 108032K, 33% used [0x0000000080000000,0x000000008231a9e8,0x0000000086980000)
 Metaspace       used 62283K, capacity 65195K, committed 65320K, reserved 1105920K
  class space    used 8632K, capacity 9223K, committed 9264K, reserved 1048576K
Event: 13.393 GC heap after
Heap after GC invocations=15 (full 3):
 PSYoungGen      total 235520K, used 14487K [0x00000000d5580000, 0x00000000e5780000, 0x0000000100000000)
  eden space 220672K, 0% used [0x00000000d5580000,0x00000000d5580000,0x00000000e2d00000)
  from space 14848K, 97% used [0x00000000e4900000,0x00000000e5725d80,0x00000000e5780000)
  to   space 21504K, 0% used [0x00000000e2d80000,0x00000000e2d80000,0x00000000e4280000)
 ParOldGen       total 108032K, used 35954K [0x0000000080000000, 0x0000000086980000, 0x00000000d5580000)
  object space 108032K, 33% used [0x0000000080000000,0x000000008231c9e8,0x0000000086980000)
 Metaspace       used 62283K, capacity 65195K, committed 65320K, reserved 1105920K
  class space    used 8632K, capacity 9223K, committed 9264K, reserved 1048576K
}
Event: 903.955 GC heap before
{Heap before GC invocations=16 (full 3):
 PSYoungGen      total 235520K, used 235159K [0x00000000d5580000, 0x00000000e5780000, 0x0000000100000000)
  eden space 220672K, 100% used [0x00000000d5580000,0x00000000e2d00000,0x00000000e2d00000)
  from space 14848K, 97% used [0x00000000e4900000,0x00000000e5725d80,0x00000000e5780000)
  to   space 21504K, 0% used [0x00000000e2d80000,0x00000000e2d80000,0x00000000e4280000)
 ParOldGen       total 108032K, used 35954K [0x0000000080000000, 0x0000000086980000, 0x00000000d5580000)
  object space 108032K, 33% used [0x0000000080000000,0x000000008231c9e8,0x0000000086980000)
 Metaspace       used 70742K, capacity 73971K, committed 74152K, reserved 1114112K
  class space    used 9466K, capacity 10107K, committed 10160K, reserved 1048576K
Event: 904.063 GC heap after
Heap after GC invocations=16 (full 3):
 PSYoungGen      total 242688K, used 21502K [0x00000000d5580000, 0x00000000e8b00000, 0x0000000100000000)
  eden space 221184K, 0% used [0x00000000d5580000,0x00000000d5580000,0x00000000e2d80000)
  from space 21504K, 99% used [0x00000000e2d80000,0x00000000e427f8b0,0x00000000e4280000)
  to   space 25088K, 0% used [0x00000000e7280000,0x00000000e7280000,0x00000000e8b00000)
 ParOldGen       total 108032K, used 37020K [0x0000000080000000, 0x0000000086980000, 0x00000000d5580000)
  object space 108032K, 34% used [0x0000000080000000,0x0000000082427310,0x0000000086980000)
 Metaspace       used 70742K, capacity 73971K, committed 74152K, reserved 1114112K
  class space    used 9466K, capacity 10107K, committed 10160K, reserved 1048576K
}
Event: 905.771 GC heap before
{Heap before GC invocations=17 (full 3):
 PSYoungGen      total 242688K, used 242686K [0x00000000d5580000, 0x00000000e8b00000, 0x0000000100000000)
  eden space 221184K, 100% used [0x00000000d5580000,0x00000000e2d80000,0x00000000e2d80000)
  from space 21504K, 99% used [0x00000000e2d80000,0x00000000e427f8b0,0x00000000e4280000)
  to   space 25088K, 0% used [0x00000000e7280000,0x00000000e7280000,0x00000000e8b00000)
 ParOldGen       total 108032K, used 37043K [0x0000000080000000, 0x0000000086980000, 0x00000000d5580000)
  object space 108032K, 34% used [0x0000000080000000,0x000000008242cd20,0x0000000086980000)
 Metaspace       used 75027K, capacity 78505K, committed 78760K, reserved 1118208K
  class space    used 9937K, capacity 10624K, committed 10672K, reserved 1048576K
Event: 905.826 GC heap after
Heap after GC invocations=17 (full 3):
 PSYoungGen      total 247296K, used 25079K [0x00000000d5580000, 0x00000000ee900000, 0x0000000100000000)
  eden space 222208K, 0% used [0x00000000d5580000,0x00000000d5580000,0x00000000e2e80000)
  from space 25088K, 99% used [0x00000000e7280000,0x00000000e8afdc08,0x00000000e8b00000)
  to   space 69632K, 0% used [0x00000000e2e80000,0x00000000e2e80000,0x00000000e7280000)
 ParOldGen       total 166400K, used 146627K [0x0000000080000000, 0x000000008a280000, 0x00000000d5580000)
  object space 166400K, 88% used [0x0000000080000000,0x0000000088f30f20,0x000000008a280000)
 Metaspace       used 75027K, capacity 78505K, committed 78760K, reserved 1118208K
  class space    used 9937K, capacity 10624K, committed 10672K, reserved 1048576K
}
Event: 905.826 GC heap before
{Heap before GC invocations=18 (full 4):
 PSYoungGen      total 247296K, used 25079K [0x00000000d5580000, 0x00000000ee900000, 0x0000000100000000)
  eden space 222208K, 0% used [0x00000000d5580000,0x00000000d5580000,0x00000000e2e80000)
  from space 25088K, 99% used [0x00000000e7280000,0x00000000e8afdc08,0x00000000e8b00000)
  to   space 69632K, 0% used [0x00000000e2e80000,0x00000000e2e80000,0x00000000e7280000)
 ParOldGen       total 166400K, used 146627K [0x0000000080000000, 0x000000008a280000, 0x00000000d5580000)
  object space 166400K, 88% used [0x0000000080000000,0x0000000088f30f20,0x000000008a280000)
 Metaspace       used 75027K, capacity 78505K, committed 78760K, reserved 1118208K
  class space    used 9937K, capacity 10624K, committed 10672K, reserved 1048576K
Event: 906.033 GC heap after
Heap after GC invocations=18 (full 4):
 PSYoungGen      total 247296K, used 0K [0x00000000d5580000, 0x00000000ee900000, 0x0000000100000000)
  eden space 222208K, 0% used [0x00000000d5580000,0x00000000d5580000,0x00000000e2e80000)
  from space 25088K, 0% used [0x00000000e7280000,0x00000000e7280000,0x00000000e8b00000)
  to   space 69632K, 0% used [0x00000000e2e80000,0x00000000e2e80000,0x00000000e7280000)
 ParOldGen       total 232448K, used 99821K [0x0000000080000000, 0x000000008e300000, 0x00000000d5580000)
  object space 232448K, 42% used [0x0000000080000000,0x000000008617b6c8,0x000000008e300000)
 Metaspace       used 74832K, capacity 77947K, committed 78760K, reserved 1118208K
  class space    used 9875K, capacity 10513K, committed 10672K, reserved 1048576K
}

Deoptimization events (10 events):
Event: 906.588 Thread 0x000000001514d800 Uncommon trap: reason=class_check action=maybe_recompile pc=0x00000000221a6200 method=com.sun.org.apache.xerces.internal.dom.NamedNodeMapImpl.item(I)Lorg/w3c/dom/Node; @ 33
Event: 906.588 Thread 0x000000001514d800 Uncommon trap: reason=class_check action=maybe_recompile pc=0x00000000221a6200 method=com.sun.org.apache.xerces.internal.dom.NamedNodeMapImpl.item(I)Lorg/w3c/dom/Node; @ 33
Event: 906.588 Thread 0x000000001514d800 Uncommon trap: reason=class_check action=maybe_recompile pc=0x00000000221a6200 method=com.sun.org.apache.xerces.internal.dom.NamedNodeMapImpl.item(I)Lorg/w3c/dom/Node; @ 33
Event: 906.588 Thread 0x000000001514d800 Uncommon trap: reason=class_check action=maybe_recompile pc=0x00000000221a6200 method=com.sun.org.apache.xerces.internal.dom.NamedNodeMapImpl.item(I)Lorg/w3c/dom/Node; @ 33
Event: 906.591 Thread 0x000000001514d800 Uncommon trap: reason=null_check action=make_not_entrant pc=0x00000000221c61e0 method=com.android.ide.common.resources.NodeUtils.processSingleNodeNamespace(Lorg/w3c/dom/Node;Lorg/w3c/dom/Document;)Z @ 8
Event: 906.624 Thread 0x000000001514d800 Uncommon trap: reason=unstable_if action=reinterpret pc=0x000000002210f7f8 method=com.android.utils.XmlUtils.toXmlAttributeValue(Ljava/lang/String;)Ljava/lang/String; @ 33
Event: 906.655 Thread 0x000000001514d800 Uncommon trap: reason=unstable_if action=reinterpret pc=0x00000000221a7d7c method=sun.nio.cs.UTF_8$Encoder.encodeArrayLoop(Ljava/nio/CharBuffer;Ljava/nio/ByteBuffer;)Ljava/nio/charset/CoderResult; @ 87
Event: 906.655 Thread 0x000000001514d800 Uncommon trap: reason=unstable_if action=reinterpret pc=0x00000000221a42ac method=sun.nio.cs.UTF_8$Encoder.encodeArrayLoop(Ljava/nio/CharBuffer;Ljava/nio/ByteBuffer;)Ljava/nio/charset/CoderResult; @ 87
Event: 906.727 Thread 0x000000001514d800 Uncommon trap: reason=predicate action=maybe_recompile pc=0x0000000022014ad8 method=java.util.TimSort.binarySort([Ljava/lang/Object;IIILjava/util/Comparator;)V @ 37
Event: 906.782 Thread 0x000000001514b000 Uncommon trap: reason=unstable_if action=reinterpret pc=0x0000000020997658 method=java.lang.reflect.Executable.declaredAnnotations()Ljava/util/Map; @ 19

Classes redefined (0 events):
No events

Internal exceptions (10 events):
Event: 905.044 Thread 0x000000001514d800 Exception <a 'java/lang/NoSuchMethodError': <clinit>> (0x00000000d9c9b7a0) thrown at [C:\src\AOSP-openjdk-git\hotspot\src\share\vm\prims\jni.cpp, line 1615]
Event: 905.046 Thread 0x000000001514d800 Exception <a 'java/lang/NoSuchMethodError': <clinit>> (0x00000000d9cb8c30) thrown at [C:\src\AOSP-openjdk-git\hotspot\src\share\vm\prims\jni.cpp, line 1615]
Event: 905.047 Thread 0x000000001514d800 Exception <a 'java/lang/NoSuchMethodError': <clinit>> (0x00000000d9ccbec8) thrown at [C:\src\AOSP-openjdk-git\hotspot\src\share\vm\prims\jni.cpp, line 1615]
Event: 905.185 Thread 0x000000001514c000 Exception <a 'java/io/FileNotFoundException'> (0x00000000da43df10) thrown at [C:\src\AOSP-openjdk-git\hotspot\src\share\vm\prims\jni.cpp, line 710]
Event: 905.237 Thread 0x000000001514b000 Exception <a 'java/io/FileNotFoundException'> (0x00000000da417d50) thrown at [C:\src\AOSP-openjdk-git\hotspot\src\share\vm\prims\jni.cpp, line 710]
Event: 905.574 Thread 0x000000001514d800 Implicit null exception at 0x0000000021ad5832 to 0x0000000021ad6015
Event: 906.591 Thread 0x000000001514d800 Implicit null exception at 0x00000000221c5e97 to 0x00000000221c61d1
Event: 906.729 Thread 0x000000001514d800 Exception <a 'java/lang/NoSuchMethodError': <clinit>> (0x00000000d9944410) thrown at [C:\src\AOSP-openjdk-git\hotspot\src\share\vm\prims\jni.cpp, line 1615]
Event: 906.731 Thread 0x000000001514d800 Exception <a 'java/lang/NoSuchMethodError': <clinit>> (0x00000000d9954830) thrown at [C:\src\AOSP-openjdk-git\hotspot\src\share\vm\prims\jni.cpp, line 1615]
Event: 906.733 Thread 0x000000001514d800 Exception <a 'java/lang/NoSuchMethodError': <clinit>> (0x00000000d9968090) thrown at [C:\src\AOSP-openjdk-git\hotspot\src\share\vm\prims\jni.cpp, line 1615]

Events (10 events):
Event: 906.892 Thread 0x00000000082fc800 flushing nmethod 0x000000002150d3d0
Event: 906.892 Thread 0x00000000082fc800 flushing nmethod 0x000000002150ead0
Event: 906.892 Thread 0x00000000082fc800 flushing nmethod 0x000000002151a8d0
Event: 906.893 Thread 0x00000000082fc800 flushing nmethod 0x000000002151e090
Event: 906.900 Thread 0x00000000082fc800 flushing nmethod 0x00000000217a6550
Event: 906.909 Thread 0x00000000082fc800 flushing nmethod 0x0000000021acfb50
Event: 906.910 Thread 0x00000000082fc800 flushing nmethod 0x0000000021b27450
Event: 906.910 Thread 0x00000000082fc800 flushing nmethod 0x0000000021b59cd0
Event: 906.916 Thread 0x00000000082fc800 flushing nmethod 0x0000000021dfd010
Event: 906.917 Thread 0x00000000082fc800 flushing nmethod 0x0000000021e1d0d0


Dynamic libraries:
0x00007ff6186d0000 - 0x00007ff618701000 	D:\Program Files\Android\Android Studio\jre\bin\java.exe
0x00007ffcb7bf0000 - 0x00007ffcb7de6000 	C:\WINDOWS\SYSTEM32\ntdll.dll
0x00007ffcb6950000 - 0x00007ffcb6a0d000 	C:\WINDOWS\System32\KERNEL32.DLL
0x00007ffcb5940000 - 0x00007ffcb5c08000 	C:\WINDOWS\System32\KERNELBASE.dll
0x00007ffcb7370000 - 0x00007ffcb741a000 	C:\WINDOWS\System32\ADVAPI32.dll
0x00007ffcb6760000 - 0x00007ffcb67fe000 	C:\WINDOWS\System32\msvcrt.dll
0x00007ffcb6550000 - 0x00007ffcb65eb000 	C:\WINDOWS\System32\sechost.dll
0x00007ffcb7540000 - 0x00007ffcb7664000 	C:\WINDOWS\System32\RPCRT4.dll
0x00007ffcb7760000 - 0x00007ffcb7900000 	C:\WINDOWS\System32\USER32.dll
0x00007ffcb53c0000 - 0x00007ffcb53e2000 	C:\WINDOWS\System32\win32u.dll
0x00007ffcb65f0000 - 0x00007ffcb661a000 	C:\WINDOWS\System32\GDI32.dll
0x00007ffcb57a0000 - 0x00007ffcb58a9000 	C:\WINDOWS\System32\gdi32full.dll
0x00007ffcb53f0000 - 0x00007ffcb548d000 	C:\WINDOWS\System32\msvcp_win.dll
0x00007ffcb5540000 - 0x00007ffcb5640000 	C:\WINDOWS\System32\ucrtbase.dll
0x00007ffc9b100000 - 0x00007ffc9b39b000 	C:\WINDOWS\WinSxS\amd64_microsoft.windows.common-controls_6595b64144ccf1df_6.0.19041.488_none_ca04af081b815d21\COMCTL32.dll
0x00007ffcb7720000 - 0x00007ffcb7750000 	C:\WINDOWS\System32\IMM32.DLL
0x00007ffcaad60000 - 0x00007ffcaaedc000 	C:\WINDOWS\system32\tmumh\20019\AddOn\8.10.0.1074\TmUmEvt64.dll
0x00007ffcb7750000 - 0x00007ffcb7758000 	C:\WINDOWS\System32\PSAPI.DLL
0x00007ffcb6880000 - 0x00007ffcb68d5000 	C:\WINDOWS\System32\SHLWAPI.dll
0x0000000077c80000 - 0x0000000077de4000 	C:\WINDOWS\system32\tmumh\20019\TmMon\2.7.0.1056\tmmon64.dll
0x0000000074fb0000 - 0x0000000075082000 	D:\Program Files\Android\Android Studio\jre\jre\bin\msvcr100.dll
0x00000000737e0000 - 0x000000007402b000 	D:\Program Files\Android\Android Studio\jre\jre\bin\server\jvm.dll
0x00007ffc985d0000 - 0x00007ffc985d9000 	C:\WINDOWS\SYSTEM32\WSOCK32.dll
0x00007ffcb7a90000 - 0x00007ffcb7afb000 	C:\WINDOWS\System32\WS2_32.dll
0x00007ffc99e80000 - 0x00007ffc99ea7000 	C:\WINDOWS\SYSTEM32\WINMM.dll
0x00007ffcad390000 - 0x00007ffcad39a000 	C:\WINDOWS\SYSTEM32\VERSION.dll
0x00007ffcb0d30000 - 0x00007ffcb0d3f000 	D:\Program Files\Android\Android Studio\jre\jre\bin\verify.dll
0x00007ffca1d90000 - 0x00007ffca1db9000 	D:\Program Files\Android\Android Studio\jre\jre\bin\java.dll
0x00007ffca1d60000 - 0x00007ffca1d76000 	D:\Program Files\Android\Android Studio\jre\jre\bin\zip.dll
0x00007ffcb5c60000 - 0x00007ffcb63a0000 	C:\WINDOWS\System32\SHELL32.dll
0x00007ffcb3470000 - 0x00007ffcb3c04000 	C:\WINDOWS\SYSTEM32\windows.storage.dll
0x00007ffcb6a10000 - 0x00007ffcb6d65000 	C:\WINDOWS\System32\combase.dll
0x00007ffcb4db0000 - 0x00007ffcb4ddc000 	C:\WINDOWS\SYSTEM32\Wldp.dll
0x00007ffcb7670000 - 0x00007ffcb771e000 	C:\WINDOWS\System32\SHCORE.dll
0x00007ffcb5270000 - 0x00007ffcb5296000 	C:\WINDOWS\SYSTEM32\profapi.dll
0x00007ffc9e7d0000 - 0x00007ffc9e7ea000 	D:\Program Files\Android\Android Studio\jre\jre\bin\net.dll
0x00007ffcb4b30000 - 0x00007ffcb4b9a000 	C:\WINDOWS\system32\mswsock.dll
0x00007ffc9e650000 - 0x00007ffc9e663000 	D:\Program Files\Android\Android Studio\jre\jre\bin\nio.dll
0x00007ffc9dd80000 - 0x00007ffc9dda6000 	C:\Users\DELL\.gradle\native\31\windows-amd64\native-platform.dll
0x00007ffcafcf0000 - 0x00007ffcafcfd000 	D:\Program Files\Android\Android Studio\jre\jre\bin\management.dll
0x00007ffcb4d00000 - 0x00007ffcb4d18000 	C:\WINDOWS\SYSTEM32\CRYPTSP.dll
0x00007ffcb4450000 - 0x00007ffcb4484000 	C:\WINDOWS\system32\rsaenh.dll
0x00007ffcb5910000 - 0x00007ffcb5937000 	C:\WINDOWS\System32\bcrypt.dll
0x00007ffcb5230000 - 0x00007ffcb525e000 	C:\WINDOWS\SYSTEM32\USERENV.dll
0x00007ffcb5340000 - 0x00007ffcb53bf000 	C:\WINDOWS\System32\bcryptprimitives.dll
0x00007ffcb4d20000 - 0x00007ffcb4d2c000 	C:\WINDOWS\SYSTEM32\CRYPTBASE.dll
0x00007ffcb47d0000 - 0x00007ffcb480b000 	C:\WINDOWS\SYSTEM32\IPHLPAPI.DLL
0x00007ffcb6750000 - 0x00007ffcb6759000 	C:\WINDOWS\System32\NSI.dll
0x00007ffcad370000 - 0x00007ffcad387000 	C:\WINDOWS\SYSTEM32\dhcpcsvc6.DLL
0x00007ffcad310000 - 0x00007ffcad32d000 	C:\WINDOWS\SYSTEM32\dhcpcsvc.DLL
0x00007ffcb4820000 - 0x00007ffcb48eb000 	C:\WINDOWS\SYSTEM32\DNSAPI.dll
0x00007ffc9cde0000 - 0x00007ffc9cf7c000 	D:\Program Files\Android\Android Studio\jre\jre\bin\awt.dll
0x00007ffcb6620000 - 0x00007ffcb66ed000 	C:\WINDOWS\System32\OLEAUT32.dll
0x00007ffcb2c00000 - 0x00007ffcb2c2f000 	C:\WINDOWS\SYSTEM32\dwmapi.dll
0x00007ffcb0f70000 - 0x00007ffcb1530000 	C:\WINDOWS\SYSTEM32\d2d1.dll
0x00007ffcb28a0000 - 0x00007ffcb2930000 	C:\WINDOWS\SYSTEM32\apphelp.dll
0x00007ffcb2a30000 - 0x00007ffcb2acf000 	C:\WINDOWS\system32\uxtheme.dll

VM Arguments:
jvm_args: -Xmx2048m -Dfile.encoding=windows-1252 -Duser.country=US -Duser.language=en -Duser.variant 
java_command: org.gradle.launcher.daemon.bootstrap.GradleDaemon 6.1.1
java_class_path (initial): C:\Users\DELL\.gradle\wrapper\dists\gradle-6.1.1-all\cfmwm155h49vnt3hynmlrsdst\gradle-6.1.1\lib\gradle-launcher-6.1.1.jar
Launcher Type: SUN_STANDARD

Environment Variables:
PATH=C:\Program Files (x86)\Common Files\Oracle\Java\javapath;C:\ProgramData\Oracle\Java\javapath;C:\Program Files (x86)\Common Files\Intel\Shared Files\cpp\bin\Intel64;C:\Windows\system32;C:\Windows;C:\Windows\System32\Wbem;C:\Windows\System32\WindowsPowerShell\v1.0\;C:\Windows\System32\OpenSSH\;C:\Program Files\NVIDIA Corporation\NVIDIA NvDLISR;C:\Program Files (x86)\NVIDIA Corporation\PhysX\Common;C:\Program Files\dotnet\;C:\Program Files\Microsoft SQL Server\130\Tools\Binn\;C:\webdrivers;C:\WINDOWS\system32;C:\WINDOWS;C:\WINDOWS\System32\Wbem;C:\WINDOWS\System32\WindowsPowerShell\v1.0\;C:\WINDOWS\System32\OpenSSH\;C:\Program Files\Microsoft SQL Server\Client SDK\ODBC\110\Tools\Binn\;C:\Program Files (x86)\Microsoft SQL Server\120\Tools\Binn\;C:\Program Files\Microsoft SQL Server\120\Tools\Binn\;C:\Program Files\Microsoft SQL Server\120\DTS\Binn\;C:\Program Files (x86)\Microsoft SQL Server\120\Tools\Binn\ManagementStudio\;C:\Program Files (x86)\Microsoft SQL Server\120\DTS\Binn\;D:\Program Files\Git\cmd;C:\Users\DELL\AppData\Local\Microsoft\WindowsApps;
USERNAME=DELL
OS=Windows_NT
PROCESSOR_IDENTIFIER=Intel64 Family 6 Model 126 Stepping 5, GenuineIntel



---------------  S Y S T E M  ---------------

OS: Windows 10.0 , 64 bit Build 19041 (10.0.19041.546)

CPU:total 8 (initial active 8) (4 cores per cpu, 2 threads per core) family 6 model 126 stepping 5, cmov, cx8, fxsr, mmx, sse, sse2, sse3, ssse3, sse4.1, sse4.2, popcnt, avx, avx2, aes, clmul, erms, 3dnowpref, lzcnt, ht, tsc, tscinvbit, bmi1, bmi2, adx

Memory: 4k page, physical 8150496k(68536k free), swap 16539104k(0k free)

vm_info: OpenJDK 64-Bit Server VM (25.242-b01) for windows-amd64 JRE (1.8.0_242-release-1644-b01), built by "builder" with MS VC++ 10.0 (VS2010)

time: Sun Oct 18 22:15:14 2020
timezone: SE Asia Standard Time
elapsed time: 906 seconds (0d 0h 15m 6s)

